<?xml version="1.0" encoding="UTF-8"?>
<!-- Generated by org.testng.reporters.JUnitReportReporter -->
<testsuite hostname="Mojgans-MacBook-Pro.local" name="se.nackademin.examination.examination_jacoco.GameTest" tests="8" failures="0" timestamp="24 Oct 2016 11:41:31 GMT" time="0.004" errors="0">
  <testcase name="testCalculateOutPutBasedOnGender" time="0.000" classname="se.nackademin.examination.examination_jacoco.GameTest"/>
  <testcase name="testBuildFinalString" time="0.001" classname="se.nackademin.examination.examination_jacoco.GameTest"/>
  <testcase name="testCalculateOutPutBasedOnAge" time="0.000" classname="se.nackademin.examination.examination_jacoco.GameTest"/>
  <testcase name="testCalculateOutPutBasedOnHomeCity" time="0.000" classname="se.nackademin.examination.examination_jacoco.GameTest"/>
  <testcase name="testrunGame" time="0.000" classname="se.nackademin.examination.examination_jacoco.GameTest"/>
  <testcase name="testcalculateOutPutBasedOnNames" time="0.000" classname="se.nackademin.examination.examination_jacoco.GameTest"/>
  <testcase name="testMethod1" time="0.000" classname="se.nackademin.examination.examination_jacoco.GameTest"/>
  <testcase name="testRun" time="0.003" classname="se.nackademin.examination.examination_jacoco.GameTest"/>
</testsuite> <!-- se.nackademin.examination.examination_jacoco.GameTest -->
