<?xml version="1.0" encoding="UTF-8"?>
<!-- Generated by org.testng.reporters.JUnitReportReporter -->
<testsuite hostname="Mojgans-MacBook-Pro.local" name="se.nackademin.examination.examination_jacoco.ConversorTest" tests="1" failures="0" timestamp="24 Oct 2016 11:41:31 GMT" time="0.004" errors="0">
  <testcase name="testConversor" time="0.004" classname="se.nackademin.examination.examination_jacoco.ConversorTest"/>
</testsuite> <!-- se.nackademin.examination.examination_jacoco.ConversorTest -->
